# JRE version: Java(TM) SE Runtime Environment (8.0_144-b01) (build 1.8.0_144-b01)
# Java VM: Java HotSpot(TM) 64-Bit Server VM (25.144-b01 mixed mode windows-amd64 compressed oops)
Heap:
 PSYoungGen      total 204288K, used 157524K [0x0000000780780000, 0x000000078ed00000, 0x00000007c0000000)
  eden space 197120K, 76% used [0x0000000780780000,0x0000000789a5bb10,0x000000078c800000)
  from space 7168K, 99% used [0x000000078e600000,0x000000078ecf9718,0x000000078ed00000)
  to   space 12288K, 0% used [0x000000078d500000,0x000000078d500000,0x000000078e100000)
 ParOldGen       total 107008K, used 28912K [0x0000000701600000, 0x0000000707e80000, 0x0000000780780000)
  object space 107008K, 27% used [0x0000000701600000,0x000000070323c038,0x0000000707e80000)
 Metaspace       used 55463K, capacity 56012K, committed 56320K, reserved 1097728K
  class space    used 7009K, capacity 7168K, committed 7168K, reserved 1048576K
GC Heap History (10 events):
Event: 9.541 GC heap before
{Heap before GC invocations=10 (full 1):
 PSYoungGen      total 163840K, used 52318K [0x0000000780780000, 0x000000078b780000, 0x00000007c0000000)
  eden space 152064K, 27% used [0x0000000780780000,0x0000000783049378,0x0000000789c00000)
  from space 11776K, 89% used [0x000000078a880000,0x000000078b2ce760,0x000000078b400000)
  to   space 12800K, 0% used [0x0000000789c00000,0x0000000789c00000,0x000000078a880000)
 ParOldGen       total 72192K, used 10189K [0x0000000701600000, 0x0000000705c80000, 0x0000000780780000)
  object space 72192K, 14% used [0x0000000701600000,0x0000000701ff35f0,0x0000000705c80000)
 Metaspace       used 34865K, capacity 35224K, committed 35496K, reserved 1081344K
  class space    used 4413K, capacity 4530K, committed 4608K, reserved 1048576K
Event: 9.549 GC heap after
Heap after GC invocations=10 (full 1):
 PSYoungGen      total 164864K, used 8428K [0x0000000780780000, 0x000000078f280000, 0x00000007c0000000)
  eden space 152064K, 0% used [0x0000000780780000,0x0000000780780000,0x0000000789c00000)
  from space 12800K, 65% used [0x0000000789c00000,0x000000078a43b0c0,0x000000078a880000)
  to   space 12800K, 0% used [0x000000078e600000,0x000000078e600000,0x000000078f280000)
 ParOldGen       total 72192K, used 11877K [0x0000000701600000, 0x0000000705c80000, 0x0000000780780000)
  object space 72192K, 16% used [0x0000000701600000,0x00000007021996c8,0x0000000705c80000)
 Metaspace       used 34865K, capacity 35224K, committed 35496K, reserved 1081344K
  class space    used 4413K, capacity 4530K, committed 4608K, reserved 1048576K
}
Event: 9.549 GC heap before
{Heap before GC invocations=11 (full 2):
 PSYoungGen      total 164864K, used 8428K [0x0000000780780000, 0x000000078f280000, 0x00000007c0000000)
  eden space 152064K, 0% used [0x0000000780780000,0x0000000780780000,0x0000000789c00000)
  from space 12800K, 65% used [0x0000000789c00000,0x000000078a43b0c0,0x000000078a880000)
  to   space 12800K, 0% used [0x000000078e600000,0x000000078e600000,0x000000078f280000)
 ParOldGen       total 72192K, used 11877K [0x0000000701600000, 0x0000000705c80000, 0x0000000780780000)
  object space 72192K, 16% used [0x0000000701600000,0x00000007021996c8,0x0000000705c80000)
 Metaspace       used 34865K, capacity 35224K, committed 35496K, reserved 1081344K
  class space    used 4413K, capacity 4530K, committed 4608K, reserved 1048576K
Event: 9.616 GC heap after
Heap after GC invocations=11 (full 2):
 PSYoungGen      total 164864K, used 0K [0x0000000780780000, 0x000000078f280000, 0x00000007c0000000)
  eden space 152064K, 0% used [0x0000000780780000,0x0000000780780000,0x0000000789c00000)
  from space 12800K, 0% used [0x0000000789c00000,0x0000000789c00000,0x000000078a880000)
  to   space 12800K, 0% used [0x000000078e600000,0x000000078e600000,0x000000078f280000)
 ParOldGen       total 107008K, used 18484K [0x0000000701600000, 0x0000000707e80000, 0x0000000780780000)
  object space 107008K, 17% used [0x0000000701600000,0x000000070280d3e8,0x0000000707e80000)
 Metaspace       used 34865K, capacity 35224K, committed 35496K, reserved 1081344K
  class space    used 4413K, capacity 4530K, committed 4608K, reserved 1048576K
}
Event: 13.040 GC heap before
{Heap before GC invocations=12 (full 2):
 PSYoungGen      total 164864K, used 152064K [0x0000000780780000, 0x000000078f280000, 0x00000007c0000000)
  eden space 152064K, 100% used [0x0000000780780000,0x0000000789c00000,0x0000000789c00000)
  from space 12800K, 0% used [0x0000000789c00000,0x0000000789c00000,0x000000078a880000)
  to   space 12800K, 0% used [0x000000078e600000,0x000000078e600000,0x000000078f280000)
 ParOldGen       total 107008K, used 18484K [0x0000000701600000, 0x0000000707e80000, 0x0000000780780000)
  object space 107008K, 17% used [0x0000000701600000,0x000000070280d3e8,0x0000000707e80000)
 Metaspace       used 38773K, capacity 39232K, committed 39680K, reserved 1083392K
  class space    used 4922K, capacity 5086K, committed 5120K, reserved 1048576K
Event: 13.047 GC heap after
Heap after GC invocations=12 (full 2):
 PSYoungGen      total 204288K, used 6926K [0x0000000780780000, 0x000000078ed00000, 0x00000007c0000000)
  eden space 197120K, 0% used [0x0000000780780000,0x0000000780780000,0x000000078c800000)
  from space 7168K, 96% used [0x000000078e600000,0x000000078ecc3b10,0x000000078ed00000)
  to   space 12288K, 0% used [0x000000078d500000,0x000000078d500000,0x000000078e100000)
 ParOldGen       total 107008K, used 18492K [0x0000000701600000, 0x0000000707e80000, 0x0000000780780000)
  object space 107008K, 17% used [0x0000000701600000,0x000000070280f3e8,0x0000000707e80000)
 Metaspace       used 38773K, capacity 39232K, committed 39680K, reserved 1083392K
  class space    used 4922K, capacity 5086K, committed 5120K, reserved 1048576K
}
Event: 14.466 GC heap before
{Heap before GC invocations=13 (full 2):
 PSYoungGen      total 204288K, used 204046K [0x0000000780780000, 0x000000078ed00000, 0x00000007c0000000)
  eden space 197120K, 100% used [0x0000000780780000,0x000000078c800000,0x000000078c800000)
  from space 7168K, 96% used [0x000000078e600000,0x000000078ecc3b10,0x000000078ed00000)
  to   space 12288K, 0% used [0x000000078d500000,0x000000078d500000,0x000000078e100000)
 ParOldGen       total 107008K, used 18492K [0x0000000701600000, 0x0000000707e80000, 0x0000000780780000)
  object space 107008K, 17% used [0x0000000701600000,0x000000070280f3e8,0x0000000707e80000)
 Metaspace       used 41109K, capacity 41570K, committed 42112K, reserved 1085440K
  class space    used 5241K, capacity 5385K, committed 5504K, reserved 1048576K
Event: 14.475 GC heap after
Heap after GC invocations=13 (full 2):
 PSYoungGen      total 209408K, used 10297K [0x0000000780780000, 0x000000078ed00000, 0x00000007c0000000)
  eden space 197120K, 0% used [0x0000000780780000,0x0000000780780000,0x000000078c800000)
  from space 12288K, 83% used [0x000000078d500000,0x000000078df0e448,0x000000078e100000)
  to   space 7168K, 0% used [0x000000078e600000,0x000000078e600000,0x000000078ed00000)
 ParOldGen       total 107008K, used 18500K [0x0000000701600000, 0x0000000707e80000, 0x0000000780780000)
  object space 107008K, 17% used [0x0000000701600000,0x00000007028113e8,0x0000000707e80000)
 Metaspace       used 41109K, capacity 41570K, committed 42112K, reserved 1085440K
  class space    used 5241K, capacity 5385K, committed 5504K, reserved 1048576K
}
Event: 16.129 GC heap before
{Heap before GC invocations=14 (full 2):
 PSYoungGen      total 209408K, used 207417K [0x0000000780780000, 0x000000078ed00000, 0x00000007c0000000)
  eden space 197120K, 100% used [0x0000000780780000,0x000000078c800000,0x000000078c800000)
  from space 12288K, 83% used [0x000000078d500000,0x000000078df0e448,0x000000078e100000)
  to   space 7168K, 0% used [0x000000078e600000,0x000000078e600000,0x000000078ed00000)
 ParOldGen       total 107008K, used 18500K [0x0000000701600000, 0x0000000707e80000, 0x0000000780780000)
  object space 107008K, 17% used [0x0000000701600000,0x00000007028113e8,0x0000000707e80000)
 Metaspace       used 46233K, capacity 46774K, committed 47232K, reserved 1091584K
  class space    used 5847K, capacity 5975K, committed 6016K, reserved 1048576K
Event: 16.147 GC heap after
Heap after GC invocations=14 (full 2):
 PSYoungGen      total 204288K, used 7141K [0x0000000780780000, 0x000000078ed00000, 0x00000007c0000000)
  eden space 197120K, 0% used [0x0000000780780000,0x0000000780780000,0x000000078c800000)
  from space 7168K, 99% used [0x000000078e600000,0x000000078ecf9718,0x000000078ed00000)
  to   space 12288K, 0% used [0x000000078d500000,0x000000078d500000,0x000000078e100000)
 ParOldGen       total 107008K, used 28912K [0x0000000701600000, 0x0000000707e80000, 0x0000000780780000)
  object space 107008K, 27% used [0x0000000701600000,0x000000070323c038,0x0000000707e80000)
 Metaspace       used 46233K, capacity 46774K, committed 47232K, reserved 1091584K
  class space    used 5847K, capacity 5975K, committed 6016K, reserved 1048576K
}

